<?xml version="1.0" encoding="UTF-8"?>
<!-- Generated by org.testng.reporters.JUnitReportReporter -->
<testsuite hostname="hp" failures="0" tests="1" name="programs.LaunchBrowser" time="18.029" errors="0" timestamp="2023-08-08T15:40:29 IST" skipped="0">
  <testcase classname="programs.LaunchBrowser" name="name" time="18.029"/>
  <system-out>
    <![CDATA[Hello World!....]]>
  </system-out>
</testsuite> <!-- programs.LaunchBrowser -->
